<?xml version="1.0" encoding="UTF-8"?>
<!-- Generated by org.testng.reporters.JUnitReportReporter -->
<testsuite hostname="DESKTOP-CINE6FF" failures="0" tests="2" name="GrtTestwithTestNG" time="38.552" errors="0" timestamp="2021-06-04T06:52:30 EDT" skipped="0">
  <testcase classname="GrtTestwithTestNG" name="opengrtsite" time="36.392"/>
  <system-out/>
  <testcase classname="GrtTestwithTestNG" name="openclientsmodule" time="2.160"/>
  <system-out/>
</testsuite> <!-- GrtTestwithTestNG -->
