<?xml version="1.0" encoding="UTF-8"?>
<!-- Generated by org.testng.reporters.JUnitReportReporter -->
<testsuite hostname="DESKTOP-CINE6FF" failures="0" tests="3" name="GRTExtentreportTestNG" time="16.341" errors="0" timestamp="2021-06-22T08:19:06 EDT" skipped="0">
  <testcase classname="GRTExtentreportTestNG" name="info" time="0.035"/>
  <system-out/>
  <testcase classname="GRTExtentreportTestNG" name="opengrtsite" time="9.714"/>
  <system-out/>
  <testcase classname="GRTExtentreportTestNG" name="login" time="6.592"/>
  <system-out/>
</testsuite> <!-- GRTExtentreportTestNG -->
